Determining if the pthread_create exist failed with the following output:
Change Dir: /home/zeljko/catkin_ws/build/CMakeFiles/CMakeTmp

Run Build Command:"/usr/bin/make" "cmTC_9bd7f/fast"
/usr/bin/make -f CMakeFiles/cmTC_9bd7f.dir/build.make CMakeFiles/cmTC_9bd7f.dir/build
make[1]: Entering directory '/home/zeljko/catkin_ws/build/CMakeFiles/CMakeTmp'
Building C object CMakeFiles/cmTC_9bd7f.dir/CheckSymbolExists.c.o
/usr/bin/cc    -o CMakeFiles/cmTC_9bd7f.dir/CheckSymbolExists.c.o   -c /home/zeljko/catkin_ws/build/CMakeFiles/CMakeTmp/CheckSymbolExists.c
Linking C executable cmTC_9bd7f
/usr/bin/cmake -E cmake_link_script CMakeFiles/cmTC_9bd7f.dir/link.txt --verbose=1
/usr/bin/cc      -rdynamic CMakeFiles/cmTC_9bd7f.dir/CheckSymbolExists.c.o  -o cmTC_9bd7f 
CMakeFiles/cmTC_9bd7f.dir/CheckSymbolExists.c.o: In function `main':
CheckSymbolExists.c:(.text+0x1b): undefined reference to `pthread_create'
collect2: error: ld returned 1 exit status
CMakeFiles/cmTC_9bd7f.dir/build.make:97: recipe for target 'cmTC_9bd7f' failed
make[1]: *** [cmTC_9bd7f] Error 1
make[1]: Leaving directory '/home/zeljko/catkin_ws/build/CMakeFiles/CMakeTmp'
Makefile:126: recipe for target 'cmTC_9bd7f/fast' failed
make: *** [cmTC_9bd7f/fast] Error 2

File /home/zeljko/catkin_ws/build/CMakeFiles/CMakeTmp/CheckSymbolExists.c:
/* */
#include <pthread.h>

int main(int argc, char** argv)
{
  (void)argv;
#ifndef pthread_create
  return ((int*)(&pthread_create))[argc];
#else
  (void)argc;
  return 0;
#endif
}

Determining if the function pthread_create exists in the pthreads failed with the following output:
Change Dir: /home/zeljko/catkin_ws/build/CMakeFiles/CMakeTmp

Run Build Command:"/usr/bin/make" "cmTC_95818/fast"
/usr/bin/make -f CMakeFiles/cmTC_95818.dir/build.make CMakeFiles/cmTC_95818.dir/build
make[1]: Entering directory '/home/zeljko/catkin_ws/build/CMakeFiles/CMakeTmp'
Building C object CMakeFiles/cmTC_95818.dir/CheckFunctionExists.c.o
/usr/bin/cc   -DCHECK_FUNCTION_EXISTS=pthread_create   -o CMakeFiles/cmTC_95818.dir/CheckFunctionExists.c.o   -c /usr/share/cmake-3.10/Modules/CheckFunctionExists.c
Linking C executable cmTC_95818
/usr/bin/cmake -E cmake_link_script CMakeFiles/cmTC_95818.dir/link.txt --verbose=1
/usr/bin/cc  -DCHECK_FUNCTION_EXISTS=pthread_create    -rdynamic CMakeFiles/cmTC_95818.dir/CheckFunctionExists.c.o  -o cmTC_95818 -lpthreads 
/usr/bin/ld: cannot find -lpthreads
collect2: error: ld returned 1 exit status
CMakeFiles/cmTC_95818.dir/build.make:97: recipe for target 'cmTC_95818' failed
make[1]: *** [cmTC_95818] Error 1
make[1]: Leaving directory '/home/zeljko/catkin_ws/build/CMakeFiles/CMakeTmp'
Makefile:126: recipe for target 'cmTC_95818/fast' failed
make: *** [cmTC_95818/fast] Error 2


Determining if the Q_WS_WIN exist failed with the following output:
Change Dir: /home/zeljko/catkin_ws/build/CMakeFiles/CMakeTmp

Run Build Command:"/usr/bin/make" "cmTC_53803/fast"
/usr/bin/make -f CMakeFiles/cmTC_53803.dir/build.make CMakeFiles/cmTC_53803.dir/build
make[1]: Entering directory '/home/zeljko/catkin_ws/build/CMakeFiles/CMakeTmp'
Building CXX object CMakeFiles/cmTC_53803.dir/CheckSymbolExists.cxx.o
/usr/bin/c++   -I/usr/include/qt4   -o CMakeFiles/cmTC_53803.dir/CheckSymbolExists.cxx.o -c /home/zeljko/catkin_ws/build/CMakeFiles/CMakeTmp/CheckSymbolExists.cxx
/home/zeljko/catkin_ws/build/CMakeFiles/CMakeTmp/CheckSymbolExists.cxx: In function ‘int main(int, char**)’:
/home/zeljko/catkin_ws/build/CMakeFiles/CMakeTmp/CheckSymbolExists.cxx:8:19: error: ‘Q_WS_WIN’ was not declared in this scope
   return ((int*)(&Q_WS_WIN))[argc];
                   ^~~~~~~~
/home/zeljko/catkin_ws/build/CMakeFiles/CMakeTmp/CheckSymbolExists.cxx:8:19: note: suggested alternative: ‘Q_WS_X11’
   return ((int*)(&Q_WS_WIN))[argc];
                   ^~~~~~~~
                   Q_WS_X11
CMakeFiles/cmTC_53803.dir/build.make:65: recipe for target 'CMakeFiles/cmTC_53803.dir/CheckSymbolExists.cxx.o' failed
make[1]: *** [CMakeFiles/cmTC_53803.dir/CheckSymbolExists.cxx.o] Error 1
make[1]: Leaving directory '/home/zeljko/catkin_ws/build/CMakeFiles/CMakeTmp'
Makefile:126: recipe for target 'cmTC_53803/fast' failed
make: *** [cmTC_53803/fast] Error 2

File /home/zeljko/catkin_ws/build/CMakeFiles/CMakeTmp/CheckSymbolExists.cxx:
/* */
#include <QtCore/qglobal.h>

int main(int argc, char** argv)
{
  (void)argv;
#ifndef Q_WS_WIN
  return ((int*)(&Q_WS_WIN))[argc];
#else
  (void)argc;
  return 0;
#endif
}

Determining if the Q_WS_QWS exist failed with the following output:
Change Dir: /home/zeljko/catkin_ws/build/CMakeFiles/CMakeTmp

Run Build Command:"/usr/bin/make" "cmTC_d7710/fast"
/usr/bin/make -f CMakeFiles/cmTC_d7710.dir/build.make CMakeFiles/cmTC_d7710.dir/build
make[1]: Entering directory '/home/zeljko/catkin_ws/build/CMakeFiles/CMakeTmp'
Building CXX object CMakeFiles/cmTC_d7710.dir/CheckSymbolExists.cxx.o
/usr/bin/c++   -I/usr/include/qt4   -o CMakeFiles/cmTC_d7710.dir/CheckSymbolExists.cxx.o -c /home/zeljko/catkin_ws/build/CMakeFiles/CMakeTmp/CheckSymbolExists.cxx
/home/zeljko/catkin_ws/build/CMakeFiles/CMakeTmp/CheckSymbolExists.cxx: In function ‘int main(int, char**)’:
/home/zeljko/catkin_ws/build/CMakeFiles/CMakeTmp/CheckSymbolExists.cxx:8:19: error: ‘Q_WS_QWS’ was not declared in this scope
   return ((int*)(&Q_WS_QWS))[argc];
                   ^~~~~~~~
/home/zeljko/catkin_ws/build/CMakeFiles/CMakeTmp/CheckSymbolExists.cxx:8:19: note: suggested alternative: ‘Q_WS_X11’
   return ((int*)(&Q_WS_QWS))[argc];
                   ^~~~~~~~
                   Q_WS_X11
CMakeFiles/cmTC_d7710.dir/build.make:65: recipe for target 'CMakeFiles/cmTC_d7710.dir/CheckSymbolExists.cxx.o' failed
make[1]: *** [CMakeFiles/cmTC_d7710.dir/CheckSymbolExists.cxx.o] Error 1
make[1]: Leaving directory '/home/zeljko/catkin_ws/build/CMakeFiles/CMakeTmp'
Makefile:126: recipe for target 'cmTC_d7710/fast' failed
make: *** [cmTC_d7710/fast] Error 2

File /home/zeljko/catkin_ws/build/CMakeFiles/CMakeTmp/CheckSymbolExists.cxx:
/* */
#include <QtCore/qglobal.h>

int main(int argc, char** argv)
{
  (void)argv;
#ifndef Q_WS_QWS
  return ((int*)(&Q_WS_QWS))[argc];
#else
  (void)argc;
  return 0;
#endif
}

Determining if the Q_WS_MAC exist failed with the following output:
Change Dir: /home/zeljko/catkin_ws/build/CMakeFiles/CMakeTmp

Run Build Command:"/usr/bin/make" "cmTC_b9f12/fast"
/usr/bin/make -f CMakeFiles/cmTC_b9f12.dir/build.make CMakeFiles/cmTC_b9f12.dir/build
make[1]: Entering directory '/home/zeljko/catkin_ws/build/CMakeFiles/CMakeTmp'
Building CXX object CMakeFiles/cmTC_b9f12.dir/CheckSymbolExists.cxx.o
/usr/bin/c++   -I/usr/include/qt4   -o CMakeFiles/cmTC_b9f12.dir/CheckSymbolExists.cxx.o -c /home/zeljko/catkin_ws/build/CMakeFiles/CMakeTmp/CheckSymbolExists.cxx
/home/zeljko/catkin_ws/build/CMakeFiles/CMakeTmp/CheckSymbolExists.cxx: In function ‘int main(int, char**)’:
/home/zeljko/catkin_ws/build/CMakeFiles/CMakeTmp/CheckSymbolExists.cxx:8:19: error: ‘Q_WS_MAC’ was not declared in this scope
   return ((int*)(&Q_WS_MAC))[argc];
                   ^~~~~~~~
/home/zeljko/catkin_ws/build/CMakeFiles/CMakeTmp/CheckSymbolExists.cxx:8:19: note: suggested alternative: ‘Q_WS_X11’
   return ((int*)(&Q_WS_MAC))[argc];
                   ^~~~~~~~
                   Q_WS_X11
CMakeFiles/cmTC_b9f12.dir/build.make:65: recipe for target 'CMakeFiles/cmTC_b9f12.dir/CheckSymbolExists.cxx.o' failed
make[1]: *** [CMakeFiles/cmTC_b9f12.dir/CheckSymbolExists.cxx.o] Error 1
make[1]: Leaving directory '/home/zeljko/catkin_ws/build/CMakeFiles/CMakeTmp'
Makefile:126: recipe for target 'cmTC_b9f12/fast' failed
make: *** [cmTC_b9f12/fast] Error 2

File /home/zeljko/catkin_ws/build/CMakeFiles/CMakeTmp/CheckSymbolExists.cxx:
/* */
#include <QtCore/qglobal.h>

int main(int argc, char** argv)
{
  (void)argv;
#ifndef Q_WS_MAC
  return ((int*)(&Q_WS_MAC))[argc];
#else
  (void)argc;
  return 0;
#endif
}

